3 175 213 236
3 183 33 283
3 130 271 65
3 132 259 113
3 165 156 102
3 149 180 218
3 2 75 277
3 274 68 298
3 278 112 32
3 211 282 60
3 173 296 144
3 169 10 202
3 52 185 36
3 9 181 136
3 77 0 158
3 247 285 198
3 153 114 227
3 151 95 79
3 84 243 18
3 189 111 61
3 257 216 239
3 123 121 91
3 208 212 81
3 194 101 87
3 270 119 164
3 69 127 167
3 178 201 221
3 46 96 171
3 186 98 58
3 240 11 200
3 49 219 163
3 94 258 40
3 37 13 137
3 229 161 157
3 233 205 5
3 231 54 188
3 135 16 269
3 272 85 6
3 293 290 179
3 1 48 57
3 143 63 108
3 279 244 235
3 97 170 76
3 251 25 23
3 206 80 72
3 30 260 232
3 262 89 28
3 256 131 88
3 120 214 210
3 66 284 41
3 100 249 195
3 215 140 261
3 228 224 129
3 47 116 128
3 252 15 29
3 17 245 44
3 126 73 184
3 192 226 147
3 176 203 234
3 288 21 220
3 154 294 110
3 297 148 275
3 71 50 8
3 280 204 90
3 182 207 254
3 43 83 109
3 115 276 4
3 142 295 168
3 145 42 3
3 55 103 26
3 67 27 7
3 59 107 225
3 104 70 134
3 51 273 230
3 250 146 246
3 152 39 22
3 78 197 117
3 266 162 187
3 289 19 38
3 238 190 253
3 255 241 193
3 155 281 34
3 31 74 93
3 106 92 191
3 264 177 56
3 199 62 118
3 12 14 268
3 196 125 64
3 292 217 172
3 141 209 86
3 45 160 267
3 35 174 263
3 242 150 99
3 248 133 122
3 265 105 166
3 20 237 286
3 291 138 299
3 139 159 24
3 223 82 222
3 124 287 53

