25 6520 9028 1237 6892 1634 6915 4657 4701 7414 6573 9267 4545 4646 9613 3089 5042 3714 7380 1463 1499 8755 8833 4547 1014 1780
25 262 4232 2330 7052 2137 8125 6920 6761 8653 7919 9482 5124 5726 1838 3893 5887 4740 219 2219 5616 8817 327 5075 6616 4113
25 9702 3555 519 8126 2393 9408 169 7035 1702 8040 1482 5478 6556 4005 4213 7412 6078 3936 2357 3448 9173 1422 3917 8123 4335
25 2007 4802 793 7616 3890 8170 3348 2125 5025 2874 1731 6923 6843 5923 5171 1676 6558 5299 2702 6319 2203 4160 5514 4325 6812
25 9099 9437 5018 6334 6261 1066 4337 3284 8496 7612 2794 6968 7827 6080 5600 3756 7474 8278 3167 6518 8044 7348 5973 1198 7808
25 4144 2056 8914 7027 8189 1501 7300 6025 128 7768 6177 7034 8584 1094 8433 3770 7598 277 8202 9608 9150 8270 5469 6188 3762
25 7904 2768 9006 7109 9531 2748 8420 9916 6609 8828 6762 7509 9138 2032 8532 7131 9619 635 1317 86 947 8668 6246 9908 8682
25 2343 6863 538 8316 1469 2897 9875 1299 6699 2278 7567 9570 9866 5041 9023 7594 6050 2655 1888 3591 3837 9801 2859 2547 760
25 5317 7020 5892 1912 4605 3003 608 1903 333 3217 1470 63 2002 6173 9812 7818 7984 3019 3800 4103 5825 847 3382 2892 1035
25 4898 7496 7749 6149 4839 6750 939 2473 1045 3430 2803 1732 3568 7270 757 1500 948 3176 8131 4326 6403 1412 5637 4191 2561
25 8452 2594 9068 6228 5324 7210 1281 3166 7786 3915 4921 5399 5200 8011 1872 6885 2419 4036 8582 6493 774 4442 7484 6023 4069
25 7329 6227 4262 9187 7969 8544 2602 9178 1043 4064 8768 7896 7137 8084 4465 7413 2675 5603 3551 9598 1397 4876 5158 9819 48
25 6363 3120 1252 9441 9263 9417 5125 1417 2250 5735 709 9013 9469 379 9024 8484 3398 6783 9802 2776 3998 5885 2809 994 1795
25 5864 397 3407 9542 9485 3402 2094 2560 3231 7993 1445 291 1815 3363 9820 371 6194 2536 543 7640 5315 8155 4237 4002 5730
25 2693 4987 8489 5027 5570 3750 3220 3896 6255 1110 3192 750 3549 5743 5596 1403 1809 3726 3678 3588 5529 5712 9505 5861 6291
25 1480 900 9575 8410 1502 6376 5775 4166 6284 2358 3381 990 7403 6046 6962 5881 3243 6350 4571 3842 452 8129 9765 9896 9197
25 5739 2698 4665 8455 5907 9280 7281 4900 6837 4879 5646 1170 5566 6443 1098 6039 6572 7398 7773 4461 737 8130 3790 1786 265
25 6072 634 5708 4082 9304 242 8987 5774 7525 5122 5818 3107 9893 7344 1264 6878 8360 8135 1474 5573 1265 8453 4589 3614 7634
25 7003 962 998 5901 3644 1338 1106 308 9174 5993 7179 7177 405 7866 3386 1685 949 419 1626 6721 3156 4702 541 3633 3221
25 8606 4869 1899 8545 8055 2442 7823 1020 9645 6144 3954 469 7093 4537 4564 2205 953 2478 3290 120 384 6816 2410 6704 5295
25 7882 6907 8664 2465 3922 4043 8834 4709 3419 7673 4772 997 8211 5601 5445 2971 1376 7264 3924 160 2238 7231 6416 3065 9180
25 8070 427 9009 4412 5064 6088 3701 8760 4241 9985 5777 1169 9278 7327 7232 3958 2287 8003 5318 3423 8207 1081 9541 352 6166
25 2298 5658 9333 5039 5108 1438 6997 869 4602 159 5939 4297 4806 7570 7349 6738 4469 8821 7362 7247 8898 3624 162 578 1074
25 3905 559 986 7361 6880 3417 7001 1564 5330 2273 7822 6617 5906 9971 8250 1783 7171 9972 7926 7535 2384 4260 3131 9970 3334
25 7314 1624 2439 7494 8161 3682 7055 2271 6352 4418 7985 813 9033 621 9127 1886 9019 373 8311 4763 3270 6056 5817 7007 768
25 2491 5393 7279 7207 8733 4844 15 4417 491 5369 9384 1223 1483 2020 116 1979 1316 586 9790 6449 5114 7796 2444 575 1228
25 2735 6564 3647 9031 9561 5367 393 9842 2770 5995 2713 1922 2562 4906 1182 3528 1859 2072 9878 6990 7715 6565 6213 6682 2314
25 6462 8432 3989 150 3006 4255 2437 639 7070 7254 4285 6768 4490 6238 3986 4356 3459 3122 234 8534 4317 9454 6394 5576 2625
25 7028 5159 4114 3712 5033 4613 3815 871 9081 420 8671 6980 4636 6593 5504 8039 4660 3433 1176 662 6510 3495 7325 8415 7762
25 881 8143 6242 3838 5750 6053 4553 1832 9753 707 675 3124 5466 9039 6043 453 5911 2348 1442 6140 7038 5768 951 2510 9831
25 39 2352 3746 8905 582 6489 6854 3903 815 1076 2493 5562 6221 1158 9274 3307 6157 2618 2153 7060 7200 9117 2004 3611 9647
25 9509 4789 6825 455 6440 7392 7445 4019 1178 2235 2816 5938 8136 2988 3075 3449 7013 4672 5846 7604 7538 2248 6464 4283 6324
25 3187 4845 5353 6312 7553 2644 9403 4970 1678 2613 3108 5948 8527 3153 3683 3736 7676 5753 7897 9302 7820 2970 5173 7256 2291
25 3864 9844 5632 6413 706 3803 1580 8822 1843 3009 5986 6973 821 3740 9448 5793 8638 9984 2464 9832 9167 4637 3953 9312 5839
25 8038 5434 8253 6978 1522 4584 1641 3870 4509 3390 9001 9025 1997 4146 9976 5893 859 1830 8050 896 1130 4715 199 7044 6141
25 6830 107 9526 9653 2023 4599 5722 1418 4920 5663 818 295 2319 5123 520 8405 3895 5179 1019 2598 2 6853 4472 1199 7651
25 5437 9986 3897 1579 2402 9288 8256 2533 5705 8181 1227 1079 4105 5182 2187 9217 5510 9322 1682 3092 828 7831 9354 6152 6631
25 4998 4612 1699 5657 3350 9532 2280 3664 1336 554 2212 1757 7731 7306 4078 307 5741 9746 5509 3226 1070 8999 2404 800 7261
25 6362 4689 4848 6717 6197 3782 4754 9176 1337 3666 2782 4440 9446 7375 7258 3603 6066 4125 5747 4044 2359 954 2882 1861 2494
25 8160 1322 650 8010 6531 6225 6875 9343 2170 3844 3299 6082 9932 8772 9125 4502 3141 5304 1439 5006 4910 1987 9846 2145 5052
25 8991 2544 874 9139 6742 8686 7934 3758 9207 4261 7566 8986 2079 4511 783 4540 3353 9185 1916 8491 9562 1992 6474 4995 1174
25 3134 5480 1009 1802 8908 9504 879 5128 547 4815 9137 9244 3866 4875 3195 6276 5992 9261 2041 9210 9741 3403 8846 8215 2376
25 1817 2142 1380 2311 9758 1371 1052 5781 841 5133 9799 9545 6800 6266 4947 9823 6075 9721 4346 9810 730 6600 3556 8113 3060
25 3198 3737 5303 3257 4324 5951 2099 7540 4850 5795 2171 9695 8642 9918 8425 1526 7668 3783 5699 4562 3460 9749 5432 8594 3901
25 4303 7806 6445 9568 6634 9426 3152 2321 5055 785 3445 819 8975 1512 5878 1796 942 4503 6605 5250 5342 297 221 9736 3507
25 4996 7867 7218 2225 4618 156 5615 3522 8442 3034 4077 2215 1149 3341 7878 2328 1495 5391 3127 6412 8118 5931 548 6487 4208
25 6548 3252 8080 2690 6715 523 5696 3620 3680 8428 4128 3526 2753 5397 5187 2566 2889 5648 6049 8325 3806 6059 6304 2908 9295
25 8732 1415 8257 7408 6913 2470 8436 6745 4474 1108 6477 8589 4342 7582 8691 2858 2996 5811 7411 713 3943 8630 9578 3100 5925
25 9503 8699 6036 7457 9233 7025 892 7453 5545 3777 7129 8751 6117 8609 9599 5152 4057 6967 8183 1156 6327 7996 1849 5870 4764
25 9011 1146 8997 5130 4134 7977 5485 7965 7508 5672 7908 9247 6132 8710 9694 7832 4211 7587 9838 2135 8406 8090 3138 6607 6881
25 2881 4046 9435 7815 62 8073 7422 9201 276 8309 8440 9273 6347 121 2033 7019 5650 7613 2667 2511 8766 90 4745 7492 8570
25 9764 7945 7593 9616 2213 9012 1127 1245 716 9311 8746 1613 6528 3511 4338 7942 6421 8876 3067 3637 9010 7712 7973 9486 9124
25 7182 2381 9889 4497 2691 574 1563 2484 1481 4299 9475 1711 7488 5918 5036 8041 773 9300 3765 7057 9367 7736 346 110 776
25 605 1213 8234 4695 2864 3476 2564 3867 5841 4475 3302 2830 7745 7245 7877 8775 1787 4711 2106 7156 1211 7834 9495 1611 9461
25 1107 7094 3216 7455 3550 4458 5468 4576 6395 5282 3579 2841 429 8797 4411 2531 4786 5609 6733 7663 4862 2503 9867 1799 8191
25 6834 694 6124 7578 4925 7089 9256 5636 7646 5942 4428 3854 2054 8865 8132 2771 4826 5958 8266 8472 6209 5071 27 6456 4746
25 2605 9355 6811 1957 2472 2430 1855 5752 1729 6040 7790 4767 3376 9375 2175 4108 6722 8074 9709 9650 7147 9325 8771 6338 2546
25 6740 345 9775 4274 7050 9208 52 7592 3593 7162 8921 4955 3383 912 3069 5642 9824 1471 5208 3210 7505 588 9962 1125 9924
25 558 8343 9193 5105 2676 2035 398 8334 6346 637 9106 7920 9262 3164 3771 6940 2557 2532 6580 4534 8864 9936 1513 6690 1399
25 2288 9588 3118 6303 6010 824 1475 2876 6367 3333 76 9389 2779 3686 7955 7191 8190 3748 9450 5933 5940 2110 6137 564 3300
25 9624 1776 2524 6542 7664 8717 2709 7693 6749 3339 3456 678 4328 7092 8310 9716 9194 5352 3458 7959 6452 4286 6786 4716 7250
25 7476 7728 5578 1185 2636 685 3175 9320 7998 3950 7537 4139 5095 607 8330 2253 803 8916 5698 9861 7260 5930 2422 4963 4090
25 6382 9559 6288 3464 5213 2576 5611 5086 9759 6799 9576 4856 5252 2105 1458 2554 2285 173 8331 2158 8151 8633 3181 6208 3685
25 6581 1686 7291 6763 7590 4878 2008 5733 525 7655 802 5117 9254 2885 4393 2829 7286 999 437 2949 8518 1147 4655 1195 3259
25 1773 1831 8645 9479 9 5849 6872 6633 779 1217 2434 5308 3616 3788 5799 5331 7462 2568 1363 3047 3622 3587 8158 3408 4406
25 7280 3703 1140 6691 1436 7302 924 8936 3690 3384 4185 5493 5620 6966 6111 5383 703 2808 2244 3238 8381 4913 2961 2551 9404
25 8239 6943 2597 7644 2588 690 2789 9605 7266 6190 6444 6342 7321 7199 7899 9923 1332 3040 7811 5461 9022 5974 7371 3286 9092
25 2204 2648 5037 2022 756 2732 9887 2389 8800 9258 6734 7684 9093 876 9783 1440 2955 3078 8906 5567 4775 2599 1393 4567 1942
25 7347 3191 5348 2160 3971 3424 6758 2807 8903 9462 9656 8162 1675 3814 1505 5428 5927 3926 791 5749 8354 956 6232 8713 5067
25 7966 489 5495 3619 5068 8356 1845 7925 511 661 1235 8688 1967 7087 2614 6081 244 6434 2711 7607 193 6409 6420 6785 7037
25 3508 5984 6220 5045 7086 9493 3988 9711 2694 2179 3660 864 4350 7804 2640 7544 527 7708 3140 8451 2590 46 7276 8323 9833
25 5156 8061 6340 5203 9539 5608 4263 309 3183 3661 8579 1826 6182 8013 3366 9546 4353 9996 3234 8468 5631 382 8931 1258 1794
25 5763 3066 5606 7121 2570 6204 4331 1557 5285 8575 1798 3059 7149 2838 6944 7 5365 545 8122 8482 1925 4223 197 1833 2182
25 1721 4614 8654 7986 4468 7979 6096 4707 5667 8974 2222 4894 7722 3349 7511 562 8706 3264 2673 9248 4344 5012 1192 6596 5734
25 2134 8934 9459 1983 9146 343 6252 5205 9762 9085 6589 8196 9988 4361 7927 1042 1077 3450 2972 3780 4529 6064 6243 6454 6453
25 264 3478 2138 2453 4493 7949 546 6185 9795 2624 801 274 1958 6661 9111 1954 7829 5386 4644 4102 7641 6895 6539 8948 7742
25 7373 4247 2577 8327 4600 8375 610 861 1246 5990 887 2210 3662 6732 1044 2556 714 6899 6251 483 261 8795 8439 7023 8978
25 8464 1614 2682 9507 5804 9627 1581 3631 1531 6841 7166 2699 3923 7002 1668 4804 762 9699 6280 972 2401 5583 8561 1088 9084
25 928 6583 4095 585 1011 9717 4634 4010 1972 7043 7935 3301 5655 7274 2416 9351 7680 1828 910 2100 3079 1737 860 4358 7692
25 2591 4985 6249 7639 2866 4206 6716 117 2073 9045 8209 5035 9845 9748 3274 9761 7890 1294 992 2449 6029 3204 6604 5021 71
25 5426 9060 2021 8576 719 5283 8740 1943 2943 7452 9898 7406 4616 166 5241 106 8648 3995 3043 3481 7424 9549 5502 7518 1021
25 4924 34 473 5543 4209 7269 417 2428 4457 8470 2349 9088 5801 1840 5675 270 8650 6713 4972 4151 4441 898 7635 7754 2612
25 9489 4981 775 8258 5727 7752 5587 4531 9710 26 6110 9912 6700 6950 8897 2849 176 7835 42 4190 5290 1718 8843 2331 40
25 4301 1341 2777 8299 7304 7889 735 6500 8024 282 6171 57 7294 7036 9906 4315 645 3266 9007 4563 5406 4591 113 6305 6736
25 8721 5968 3566 7864 8647 8596 2063 6925 2501 3000 6904 1301 9938 7874 1222 4595 797 1664 5882 8109 5483 472 4142 7703 668
25 4087 1932 4323 594 600 8809 5343 9070 3073 5160 7489 4521 2436 9157 3892 5972 1606 2265 6918 4384 5769 3470 7284 4175 2290
25 9100 3965 5084 670 2334 2610 6909 2181 3913 6653 471 399 3273 3258 4266 6065 4429 4401 7994 5245 6008 2664 9510 4333 4675
25 9897 7850 9313 6969 4983 2718 7416 3827 6643 7837 1961 782 3414 4507 5292 1788 7941 5096 9998 6739 6095 5651 9895 5732 8035
25 5377 8366 4486 7461 6374 5215 1117 7397 8725 672 2233 1567 4601 5178 6569 3643 8372 5713 1358 8098 9175 9779 3329 5954 2583
25 9444 1323 4751 8995 2097 9607 2230 7579 2396 983 2641 1741 7139 7136 8804 4226 9371 7611 7542 8757 9394 9830 5851 9253 3179
25 5321 9090 5647 9949 3454 1506 3465 531 3851 1339 3218 3541 7377 7470 715 5459 9564 8694 8907 9083 9442 153 6891 1163 1058
25 6724 251 5900 5165 5362 3968 4574 753 7450 2945 6781 4164 8435 7473 3344 7654 9955 8831 9050 2785 1466 2445 780 5546 7686
25 134 6855 6250 8165 6427 8917 4813 804 8057 3605 8789 4276 9744 7853 4678 292 870 9668 2413 2825 4444 7124 1277 7846 4953
25 3887 6933 6759 5 6883 9536 5262 877 8077 4194 9693 6757 263 8750 6637 987 3165 9983 3956 4765 4949 8673 2677 8753 7259
25 2787 9612 853 5662 7033 9994 5286 1684 8317 5641 2443 6862 273 8803 6996 2592 3640 2195 4096 8321 6054 1266 3126 9714 4366
25 4532 798 1060 5905 139 868 5373 3121 44 6121 2604 7110 6062 1018 8296 2994 4416 4551 5113 439 7588 5088 4512 3553 4734
25 3491 4753 1695 7983 6946 4281 6167 3863 1596 8117 4099 7178 331 1388 589 3142 5831 95 9577 1201 7614 6176 6628 9585 3269
25 2984 1847 7589 9862 7502 138 6802 6502 4496 7924 5049 8367 389 1984 2221 6458 6537 112 2435 1487 8637 7090 5040 8271 8332
25 613 5837 8313 1369 9521 493 6942 13 5409 8597 8551 9091 512 4550 5535 1053 7785 963 6292 4598 9393 7951 5190 8379 1615
25 9751 7100 9834 3816 623 4050 7008 3437 6900 9048 8583 9728 1347 6438 5659 3727 8549 7386 1010 1394 47 1326 8329 8294 1689
25 1071 4380 4244 7720 1067 4744 7367 7011 49 232 9883 1994 6163 6461 1782 4176 8604 7586 2123 1565 1026 2964 9246 8769 4023
25 4450 4625 4322 3313 5595 7901 8631 404 213 1312 392 2890 6579 9237 5827 5568 9811 7794 4797 2475 1269 4433 9104 1844 2356
25 1594 6245 1311 5142 9484 9183 8813 3947 1633 2703 1008 5792 374 9332 6906 6418 80 7856 6092 3819 1306 6505 3360 6147 6911
25 854 8079 8279 1073 3338 2351 988 4186 2508 2906 1203 8361 503 3345 2260 7040 131 8400 6359 4300 4455 8228 4788 108 7610
25 4184 4880 9826 8707 3634 5214 1785 5222 3250 3483 1562 9291 2712 3798 2392 7363 889 501 6651 5272 6838 1260 259 537 5134
25 7318 8284 210 4467 5612 3934 4109 4903 5389 3657 4234 9309 8559 4824 4558 9987 2162 831 6803 7153 9977 3232 6836 1416 367
25 3311 5802 6439 6259 6048 4049 5243 4919 6562 6400 4452 2163 9284 5862 8871 303 2834 3554 7236 7873 1619 3653 8018 1969 4990
25 288 6159 9583 3411 6191 6203 6028 7938 8977 7475 4781 3691 2490 6471 9960 4040 5519 4725 92 7895 2717 5223 8810 8483 5370
25 3265 2346 2839 4654 6529 7333 6650 500 9468 8880 5989 8303 3160 6955 215 4071 9224 5390 534 8362 6183 1283 2088 3794 7235
25 5625 0 410 4766 8306 5058 6695 1889 1800 2043 6584 8899 3332 7022 961 5118 9515 5686 3582 317 7382 231 2593 7437 1610
25 3962 7746 1850 9184 9905 6234 7076 1966 5034 2417 7211 9691 3413 8801 6868 7354 1314 7465 5969 700 9058 886 4760 7699 1716
25 8885 3623 2609 1587 1319 1708 29 3834 5856 4098 1549 664 4696 9235 7331 8153 1569 9071 9054 5227 3119 1432 5767 9907 9076
25 129 2374 3847 6482 9413 3391 717 8071 6499 4395 1694 1016 4927 9885 8429 9131 1681 9416 9326 8192 7045 4777 1435 2454 7503
25 8667 2877 5078 7622 1953 3920 925 9740 9321 7116 2603 3239 5210 1063 6146 2801 3443 9747 21 9142 254 9544 1892 5313 5762
25 698 1724 6578 504 4246 4722 3823 2696 505 7770 8465 3373 5363 4623 3946 4423 5193 2240 2077 2318 3292 174 5094 6408 9269
25 3877 2549 9974 4388 7081 8540 3907 2742 836 9087 8693 4093 6300 4686 6957 4656 5427 4081 4400 4245 7758 3757 6828 8237 2534
25 723 6398 1251 7548 209 5003 2861 2747 1880 893 2912 5525 6380 8062 8344 6116 6206 5310 4592 8658 590 5761 474 5168 8059
25 1680 4632 1935 9069 1175 5456 3319 4041 2921 2488 2065 6877 6623 603 8508 8178 6640 9671 4770 573 9042 5848 4207 5693 3496
25 1725 8066 5145 9654 6429 6954 4833 4738 4107 6796 3500 7727 1677 705 9458 102 7564 766 6001 4568 838 9839 6044 7079 7733
25 6169 9118 5176 1456 7523 7059 6459 6998 4415 9181 4374 7734 2707 4296 445 484 7702 1986 557 9227 2387 1720 8419 9487 3773
25 8893 257 2519 8603 8001 8089 8646 8690 5547 1723 7709 8666 4956 6423 1244 1152 9473 4409 1812 3372 3028 3285 4177 2373 165
25 9451 1234 3571 8863 1907 8806 2455 8824 7700 3401 8859 1434 6982 6871 2102 3161 3570 5181 1837 3564 8020 6751 9279 4258 1947
25 5679 2722 3592 441 5101 8910 3574 944 8267 5540 11 2076 7435 9553 3104 4674 4538 7605 2446 5960 9948 9604 9388 7396 4516
25 4029 7332 4823 1853 1647 9957 8336 1034 9909 6765 643 3016 8280 9696 5385 6575 4912 93 2774 7697 5338 4110 3919 8226 5471
25 5997 8619 5949 1946 1960 3431 789 4327 9973 6861 4033 3473 9120 1426 8149 9347 5718 1103 5261 9516 5234 4992 124 5912 1779
25 3705 7290 3792 1955 2403 4124 3420 4643 3463 202 4726 4111 1129 5668 9778 6193 9063 1409 5700 4917 5965 1193 5852 127 5069
25 1374 2115 3493 4820 4994 5059 3797 5202 4432 6290 5536 5440 1909 7869 1015 8937 372 1516 1493 9064 6007 1289 4072 2756 2255
25 4135 2155 7565 6645 7802 7134 5405 5785 6961 9873 6951 6045 2440 8307 2383 9816 3287 3227 4523 253 8546 4808 1919 5564 5669
25 8625 3557 1282 3418 8478 9669 5430 6773 8610 237 8558 6103 4248 8462 2781 980 3697 4229 9043 1661 9529 7928 3111 6223 6015
25 3256 8449 4387 394 8521 9723 5756 7881 9113 7433 486 6189 4305 8787 3912 2441 5439 6073 9287 2259 3143 9882 4118 7212 67
25 3625 6463 2652 1465 7513 2995 293 8758 9537 9314 1860 6550 4704 834 4926 3820 6205 7338 9639 2755 8082 628 8348 8612 2144
25 631 7056 7907 1754 7859 3397 1485 1395 9591 882 6566 6632 4930 3315 7113 4471 7958 9420 9701 8542 8942 1365 9387 950 8687
25 2147 8006 1520 3645 9725 6138 6033 5760 1238 1523 8347 9331 5194 3527 8159 5372 8571 2186 9756 1274 4838 1510 1592 2850 9286
25 6526 289 6627 4769 6819 8081 9538 5866 3811 2500 8607 4870 5357 4692 4161 8969 8873 2194 6269 3442 6839 4967 6615 4152 5294
25 3215 2292 9508 5238 9817 4035 9682 6410 5418 6150 8858 7961 8391 9457 5728 9904 9110 5232 7894 4641 6952 4343 6832 84 8389
25 7196 2931 9679 5635 2310 8197 7047 6782 7169 7467 9703 9514 312 9847 6345 1324 9763 5803 2333 4759 7963 9525 9629 5623 4548
25 2692 6133 995 7793 606 45 258 8369 7277 3038 326 2697 906 595 6888 2121 2459 6215 5796 4957 8962 9534 2654 1218 8853
25 8565 8411 2197 73 2831 296 431 8459 8651 7063 1609 2894 2657 2207 8236 2196 3786 299 6330 8148 1492 9743 4310 2819 8845
25 5593 8676 4470 1345 2957 3944 1173 692 9368 4408 3497 3589 5150 2746 304 4030 4354 4670 6794 2071 2070 5403 1519 3457 2911
25 1188 3775 6360 3081 5784 5964 2101 3713 3858 7658 5966 8214 5955 6017 1749 7058 7117 6168 7224 3255 2451 3214 6098 7816 3972
25 619 4291 8247 7006 7401 6701 4419 5710 5224 7776 6685 9427 6451 6295 1841 9432 922 8431 494 5137 4179 5074 6483 212 5867
25 2122 3494 9406 7065 1329 8301 7197 6784 118 8818 8850 5552 7138 6619 2960 9933 2089 1153 1504 6417 3352 6945 7751 777 1356
25 8749 7374 1736 8892 2010 2581 7495 8480 1511 342 9353 3112 142 7519 4008 75 5120 3636 2589 1443 4546 7677 4858 1263 816
25 1545 8808 2140 9053 2653 3289 8107 626 5703 827 3346 5886 1601 7698 4420 1881 5778 6490 3612 6450 8569 7687 688 5654 6703
25 103 6322 7125 3581 5364 5271 8138 1810 9149 2447 9975 7135 3295 1865 5359 3248 9385 6833 4782 846 3013 8700 7500 4945 581
25 8786 7821 347 3670 6656 7159 8376 3245 1250 4270 506 9891 5073 3873 6538 3707 214 7842 6432 2895 4153 587 9211 8274 2306
25 3630 9676 4638 3861 8205 9610 6229 4585 2647 9179 1132 460 6389 4790 6551 7911 1467 278 9034 5129 9594 3046 1461 8481 2642
25 5452 8072 9407 4158 9242 965 6694 8054 3055 9692 5926 3076 9177 5590 7219 3584 2006 1949 70 5161 9718 7555 2668 3852 7152
25 4148 8624 3996 755 2338 2429 795 8328 4742 903 6840 3586 9480 6311 7560 3772 2132 2300 2705 6022 126 2036 4712 5850 8139
25 7387 252 8203 5779 4277 3197 2804 386 5807 3087 6987 3974 1599 6532 7572 4853 5789 3711 4851 6647 7158 7953 1713 7860 7483
25 1666 4112 2837 7186 4794 4630 3208 6097 7469 5199 7916 2282 1669 7486 435 5103 3342 4039 1709 2257 9356 2350 1806 8187 7933
25 2918 3186 3379 8827 6011 7915 4743 8238 7482 8957 9492 3032 2414 7617 1386 6889 4056 5513 2631 2919 6726 2935 5924 9858 4881
25 5151 6696 4032 9950 6256 9328 6162 2012 8644 9864 1514 6587 3027 8386 3395 7223 4530 5684 2739 3428 1652 3832 6063 2650 7164
25 2499 7943 7576 1120 6436 891 7353 2474 8890 1017 4201 7298 3997 228 5522 9453 7292 7119 5983 6771 3885 8670 7369 6118 7791
25 5833 2412 9433 4196 3101 2191 855 4256 4682 1402 8639 7717 4080 978 5681 9533 7724 7389 6770 6929 9655 2619 7434 5830 311
25 205 3150 1197 7379 5847 4138 1928 6822 4731 4901 1348 1261 8567 3434 7809 1455 7779 8613 1405 8052 885 3184 656 5724 7930
25 2959 6466 3362 7774 442 5269 2750 7051 4888 2322 6626 1904 2738 5614 2700 3426 9202 8925 3766 1921 1137 6240 1835 3931 9044
25 8868 6664 3881 1468 3168 5335 8588 9438 8363 3860 7581 4364 5503 7597 2761 3891 1083 1391 9680 3796 1333 7239 4451 5704 5350
25 5260 4385 6519 1753 3293 7163 9606 2535 8502 5422 8177 5500 7855 7615 5585 8943 2149 6113 281 4434 2274 7303 5336 1477 8792
25 9663 4536 3399 2822 3642 9434 4394 3049 310 5798 8585 7024 9899 8198 7729 9239 3037 8504 820 5823 4877 1851 542 6874 636
25 3828 9358 4091 4573 5716 1194 9463 4480 1791 6764 8615 8100 175 9129 8092 349 4137 4141 1279 8956 7175 9360 3268 908 3468
25 4647 4320 443 676 423 3839 1383 6126 3505 8349 5060 9381 2117 3535 8218 5099 4383 6446 3538 60 1089 3681 3392 1913 1007
25 3163 3779 5896 1748 1384 5100 6642 9078 5309 8825 5857 192 2805 4304 9640 5810 5087 7898 9255 4165 5613 6989 3558 4257 3023
25 7892 2958 6094 5153 1673 7014 7069 1139 7875 9160 6939 194 5435 4544 666 9234 5548 8194 9391 6898 6296 8009 5688 2710 4004
25 2863 359 8365 6708 4282 8338 8068 6202 858 9894 7072 4779 5458 6697 3594 9941 5832 9327 1078 7215 6356 2177 3718 488 2209
25 8048 7584 9410 8377 6608 695 552 9982 2369 655 7241 7632 5474 325 3688 334 6018 1769 1128 1568 7082 2523 6870 3970 5230
25 1691 2545 3147 754 7585 2268 1273 915 2375 897 7740 772 6894 1870 3999 1335 6310 2164 1605 2891 3017 6254 191 8953 7193
25 6108 2714 9989 2853 2418 3052 1875 979 3427 1030 8802 2515 7657 5591 5928 1976 3569 2681 3260 3416 3692 8221 1829 287 1534
25 5604 5932 2495 3222 4210 3532 2823 1820 3769 1692 8944 2974 8437 8370 8208 3695 3576 4031 7730 4732 5605 208 3242 5141 8599
25 2261 3960 4939 3531 7405 163 2963 3543 4737 3977 2087 3244 9198 8877 8947 4009 4907 4446 769 5941 6585 3056 7456 7556 9754
25 4220 4834 8275 4708 4829 1766 5298 4182 8516 5539 2426 5649 220 8939 2224 4352 5345 7216 1350 8374 681 6719 1407 532 8485
25 5950 8778 1968 5501 5323 3617 8371 5453 6976 6000 2552 5999 3012 829 6710 5736 8711 8291 3602 572 9755 904 6864 5325 1444
25 7205 181 3878 5897 6388 5755 5143 8320 1936 8820 2606 6508 3618 2615 7847 8412 4885 8401 3687 1056 9821 1991 728 516 7436
25 2382 3054 7012 8675 2766 8166 5687 9216 1964 1550 3821 7209 5089 4915 8060 1494 5398 1284 4703 1658 151 4195 1157 8000 6947
25 5424 7248 1328 9792 8634 9890 5976 2066 2857 2736 6218 7409 8021 5910 9935 3149 5876 2243 5413 8293 3575 6636 5868 5302 3088
25 171 8543 1933 4115 9428 1001 5982 3178 3850 4609 9920 8326 8259 7836 7685 3375 9739 2312 8359 72 7066 2038 6032 5361 2516
25 6514 745 7991 4473 923 1080 1646 6170 5139 5534 1532 8352 8945 8838 9506 4016 9857 2342 1037 5015 7772 2146 9659 6431 6161
25 5072 7454 1542 6552 2069 4336 6148 8730 6932 6775 556 9490 9136 8879 9698 4741 2128 4756 6253 8590 9192 5326 1023 3849 8913
25 9447 2910 2947 7595 3978 7017 6657 4687 7775 7395 2083 9595 9292 9275 6317 6497 5492 6077 2479 4131 3317 1863 579 4617 583
25 2082 968 3095 3145 7851 7128 7551 9865 9190 9096 3328 1566 9547 2835 8593 7049 5702 8927 3321 6612 5909 6492 1978 4639 2469
25 8046 967 6958 4181 5494 8392 2792 633 4710 1939 4425 4086 416 4478 338 66 2236 8981 5127 6887 7571 9715 8493 8659 4379
25 7937 1302 2092 778 6370 5890 8894 2154 4825 2865 6373 6123 3716 8315 934 2090 3316 9770 6424 9766 2307 5007 2916 9903 6058
25 4942 7716 5671 6335 8506 7529 9483 3196 5112 6268 8171 6748 3799 8909 3422 2482 5977 1167 3277 3137 7541 6139 7341 9922 5155
25 2112 4396 9338 6879 9398 8918 1715 4424 5800 8005 927 7783 4855 1181 4430 4645 7913 2124 5218 8042 3900 9141 8463 6231 8026
25 6181 8812 9869 7288 2341 9075 4549 9260 8324 8477 3306 8091 7694 2107 5026 336 8064 3928 3665 9567 4088 3322 6846 8677 9501
25 8167 5721 905 7342 2987 1707 8058 2380 1050 2245 3855 2587 9411 5253 7190 919 8385 9621 3888 444 8290 5638 3708 1775 8883
25 9097 5894 5783 9221 4066 2573 8103 3979 2623 3474 1558 5344 9421 6153 9871 2159 8848 9929 5229 2990 8581 6142 7624 3883 5953
25 8736 7528 6960 154 5209 6341 1573 5920 3987 5414 2093 7714 1036 8783 524 2217 648 510 5692 400 1801 9902 7652 4818 4691
25 6689 584 1375 1101 8346 6897 3520 9205 8989 9734 2565 91 7111 1262 1540 5561 781 2751 6392 1095 4365 4052 7978 6192 8959
25 6935 3114 873 1884 657 8175 3606 20 1055 104 3070 5629 920 1385 3498 8562 850 3649 6744 2251 3836 5332 8958 7491 9377
25 6102 4026 3205 7633 4224 3872 5219 4311 3323 3948 4946 6507 3447 1864 3857 8620 5444 4705 6804 457 6198 6779 3583 2969 2796
25 380 5460 9336 1591 4510 6396 5433 5748 4932 4083 6035 7358 5097 2317 6869 9151 8144 6546 7282 1988 6503 9502 5024 6983 7031
25 1586 7771 1114 805 8886 8503 5899 2365 8709 4121 6741 7828 6068 5172 4413 1122 9522 7661 5419 4482 6554 2704 8727 115 5441
25 2379 843 9477 3489 629 4891 7499 3233 2423 4960 9658 8988 604 7515 5293 1868 1584 8043 6224 5871 7675 4950 9251 3158 6109
25 7253 3041 201 9349 2509 5050 8357 6972 4541 7630 677 365 2813 8252 9226 2855 2933 3425 7097 6071 8407 6959 952 1651 5550
25 3749 9153 1271 1242 5119 5455 1719 7964 1583 2538 3607 1346 4180 9241 9362 3174 3410 4816 8870 9584 702 7884 6320 2617 4836
25 1816 9530 3741 6683 6247 5515 6143 1429 2980 5235 3969 2872 4251 9774 941 4895 5300 9745 2661 724 718 1362 6984 4204 6850
25 3061 7972 549 8761 2925 8222 6789 3462 6496 5618 4513 3182 5148 2168 1877 9636 6540 2580 2723 2555 5883 3655 7336 5340 8413
25 2512 2832 7844 4 249 8652 7029 6754 7140 6047 6120 3281 5337 3862 6860 2769 8844 3044 2982 2811 6134 4001 9930 9361 3438
25 2662 2214 8681 6472 360 9990 7351 7123 8519 7246 808 6130 302 5467 7737 3039 31 5029 3031 7705 9200 4392 625 3563 5140
25 2272 7143 8779 6965 2315 36 8776 1423 2790 7546 2460 395 1134 1900 9884 3335 5985 5091 5273 41 969 4648 977 5255 3959
25 5619 8106 739 7064 2411 268 9587 1742 3486 7755 5563 1869 3400 2046 1109 6469 241 6673 3696 8754 7010 5765 1280 1464 3534
25 2242 1318 1224 7701 8499 614 749 3314 8602 9836 8765 2040 3871 3080 3638 7769 4714 8887 4867 9768 7018 1024 3035 2752 7568
25 7970 2629 3291 2643 9681 1268 1948 3843 8763 1183 971 5410 4526 3514 4973 9931 5196 9687 5297 5005 7204 3193 5880 5786 7399
25 9944 4253 5845 8793 6963 2075 3105 4952 222 2726 1808 246 8034 3667 8965 2724 5220 4986 6273 58 2294 3237 8047 2989 7778
25 8244 4628 6279 1392 7872 3063 6457 6105 617 627 2843 3378 8798 3951 9337 4554 3764 6051 6563 1208 4991 9571 3654 9772 2844
25 2344 9240 6677 4378 8095 4561 7278 6570 1688 1643 3572 3679 2015 4923 2405 6778 6430 6592 7126 2658 9386 732 7226 6720 8235
25 8124 4776 3074 5488 9566 7101 8075 7122 2301 3567 3628 7971 3479 4979 3846 6938 7883 9911 9476 3365 3297 8901 7378 9191 4405
25 3090 7427 9959 5961 167 7265 8430 7532 3130 5472 4051 7981 3545 114 6667 9690 271 314 5594 7989 5824 765 4629 9992 7691
25 5505 8842 2011 7289 4582 7848 79 8390 7826 6332 4202 9470 4171 1059 6797 976 734 857 5691 8577 7154 4899 4989 2926 3155
25 8402 6034 4240 3368 5251 8114 4821 1296 5236 8796 4578 284 5022 1956 8735 2267 1756 3132 5719 9500 8076 1690 9335 786 9230
25 2198 6069 6004 3976 8051 9513 5773 1535 8276 9729 8611 646 7201 2783 8855 6659 3710 3358 1454 9670 387 5248 5538 1897 867
25 3117 913 7868 5544 597 9840 5826 5328 8900 497 1093 3902 1701 2951 2030 7439 4150 3466 6622 875 770 8289 8500 2476 4449
25 3173 1525 8414 8019 2029 383 9498 6614 1233 4964 4021 4140 1836 5652 2176 8720 5981 4318 2868 1656 2055 1602 8860 5624 211
25 5481 835 2893 2180 4200 2001 421 8832 1259 7004 5057 6707 5066 6180 2666 6571 6020 4650 4724 2378 6013 2814 1100 1390 576
25 1572 9784 3180 3723 4792 2299 1650 3600 6390 8794 5860 842 5541 6422 3135 9066 8915 6387 5499 3542 6769 2901 3343 5904 8895
25 7293 1644 4662 3879 5106 2846 9112 981 6534 9126 6119 2915 7108 7679 3632 1102 1425 6893 8355 6041 8004 6807 3805 216 2836
25 1286 6371 4854 4238 6501 6975 1743 5275 8627 3097 7141 3412 9449 767 4178 2024 2998 7323 9622 2758 9760 9499 9978 2683 5239
25 1119 6601 794 5109 6675 8632 2929 5707 8698 3371 790 4376 2284 1068 4896 2622 5701 7402 490 2952 7307 9934 2258 9098 7310
25 8745 2406 4749 6949 7636 9372 3241 7713 1379 4341 6079 6680 2578 1761 6129 5305 6835 8788 602 4559 422 1906 5184 35 3185
25 8762 9581 5610 1575 8689 9602 6912 7841 2216 5107 6337 8560 7444 3219 6263 6468 9299 4539 809 7192 2630 3071 6351 3699 2368
25 6145 1295 7419 2579 6031 1372 1207 9072 3045 6882 8849 8867 7840 3641 7735 2095 363 7917 937 8242 3211 4698 2621 6099 8976
25 4735 2111 2237 459 7364 2103 8533 9637 3374 9805 1028 9555 2956 3830 8743 3506 2034 9061 1896 902 6155 8854 1462 9140 7391
25 6012 5031 6195 143 8487 3461 1839 1200 5306 1940 1683 570 4453 4267 3552 4527 2044 1704 9519 2701 1361 2684 1882 894 6399
25 1486 5394 9057 3990 8163 3909 3336 1734 5307 3086 7127 4007 5177 4719 5008 4886 3098 6106 555 3984 2572 2715 5551 6325 183
25 8767 6921 1187 641 507 9535 3361 5473 7569 3675 7906 4934 5759 7183 5085 5166 5257 7857 2337 4230 2775 7106 2875 4162 1999
25 6480 3096 2670 701 3927 2467 4795 6718 8168 5167 8635 7992 7273 17 8146 6896 1738 8112 5132 5266 6402 4435 7682 9250 9346
25 2119 8417 9782 1255 5162 5183 177 7432 9550 6404 8920 8351 7603 540 9148 7148 3621 630 7161 6019 85 6908 9993 5575 9843
25 946 3689 5327 3513 5978 9315 1368 9370 364 7750 544 8649 9212 2151 1305 8265 4100 710 9102 7053 1349 7767 5952 5392 7000
25 7322 1917 8438 3732 7744 1287 1867 415 3886 9283 807 9786 96 2296 1574 9917 4122 1396 2329 8547 1755 8782 1239 5959 4089
25 654 4658 3469 4371 9551 5265 2851 2150 3937 6061 1410 529 1086 3824 7947 61 4861 2016 8101 428 5598 144 7800 3635 2954
25 2806 5048 4525 279 9685 6513 3533 4587 6002 6780 3761 2571 2528 5678 9419 3992 5198 6006 8641 9329 8195 6278 9683 9232 3022
25 2978 5164 8454 4221 2930 9757 4104 6199 492 8028 4581 3288 2687 7550 449 6298 7512 6076 8972 227 9169 8384 9794 1496 3224
25 4884 1003 9726 4596 3136 2345 5206 7849 989 653 5249 5854 2870 7726 551 8963 1959 560 132 2354 9954 2485 74 9943 6348
25 447 2847 2457 960 9431 9603 5371 8538 2688 3604 7308 7602 3171 9294 2518 863 2361 1133 3530 4929 4228 2997 6753 4239 7337
25 2741 7620 4978 4977 2096 53 8922 1714 136 7952 9460 8617 7756 275 2743 2295 2922 4382 9243 2728 6257 3613 7995 6665 5000
25 4163 7638 5102 5812 2303 1040 1437 1973 1645 68 4557 9472 8288 651 3523 2708 3228 5872 186 4236 6344 4874 1206 4154 8722
25 5895 8014 9281 6042 320 2231 5842 8446 4334 123 6411 341 9632 771 993 2917 3930 6827 1257 4840 3354 9582 4169 4492 5518
25 9788 8526 4485 6994 6852 6486 8537 4203 6361 2471 235 764 2797 2639 2256 9660 6283 704 2363 7130 8983 2940 6287 8994 8704
25 4460 1625 9378 7507 7637 7649 2320 7662 8505 2900 1097 1971 4652 4017 5498 1272 8684 1858 6379 8398 6795 3453 528 9245 350
25 448 9238 3704 7623 9008 8985 2967 3684 2685 3024 3706 3320 4976 4084 6375 5963 2812 8457 6512 418 50 3663 1377 1628 7561
25 2522 3652 4961 3908 1772 1449 6236 4101 3202 3251 4606 8027 1389 6128 6478 7360 4349 3793 6919 1357 1852 3865 2263 4012 5572
25 7798 6555 5093 6810 1950 4736 8815 4787 3482 4198 6219 8816 1990 8964 8152 7982 157 3916 1758 3719 2431 7689 2529 3008 8663
25 3330 7443 5934 2305 2241 7299 9133 4791 3537 4259 812 9259 4347 9290 9876 98 1267 4980 4812 5358 6842 5737 2854 5553 1551
25 3548 78 9382 751 4170 8955 616 6709 4822 5131 1521 1593 5579 318 1033 3952 2211 7543 6174 8662 4849 7062 4747 8179 7659
25 3982 464 2433 2550 7760 8 1825 9456 8169 5144 3048 2114 8539 2424 1497 7690 2898 536 6233 866 5046 7886 5448 2965 5174
25 9689 9965 4149 7922 9868 1370 4332 5360 8773 6003 9132 2126 9631 4427 2047 746 4214 1848 8471 2019 5645 8889 6294 2025 6684
25 9967 7448 7088 7950 1160 1560 5110 5725 9677 7805 9859 4368 687 5351 2914 899 5836 3768 526 9750 4314 9737 7574 3492 1657
25 3206 5917 9303 1000 3512 8140 7208 1489 148 1032 9881 6586 848 5521 3370 4067 1315 4860 3608 43 482 233 1726 6460 1431
25 3940 2802 2505 4784 3651 3759 7629 1995 2152 1970 823 7824 1854 406 3899 7757 2371 8574 3700 673 3961 2784 1750 9162 101
25 5674 3435 4937 5279 5329 8467 7830 3020 8314 2689 3639 518 2563 1805 4155 7931 4518 8628 4940 3267 4106 3808 7504 217 1113
25 19 4868 7340 6393 5855 9186 8418 3510 8535 5216 4397 563 2824 2059 5729 122 4935 1930 5496 3324 5549 1135 8383 1359 4147
25 1554 9735 1004 2064 6970 30 596 8210 8563 6277 5020 1327 7459 2585 8088 748 7046 6377 6260 4280 6175 4908 8996 8552 4615
25 1908 2840 2932 4386 3062 178 1065 8961 8679 8373 5497 1539 8636 6364 2817 3230 8550 8791 475 6561 7172 8445 5772 3502 6306
25 8353 3610 5017 9154 3083 3203 1697 10 1051 8427 6535 2632 1210 8856 8219 3932 1226 909 1561 7252 8333 5788 430 4308 425
25 1155 7957 9956 4038 3304 4047 5715 495 4000 8674 2992 7039 1620 763 9340 4882 2139 1171 7765 1703 1541 6415 7233 8065 6594
25 4340 8587 5967 9966 5874 5395 133 982 4130 3546 3005 1212 7721 3818 731 5987 9730 1824 8337 3778 2165 6986 9464 684 852
25 7501 2946 7334 8128 1191 5592 298 1304 4348 4477 4217 1637 8342 6186 1064 6297 9850 2764 9114 7343 3 7838 649 3235 4390
25 7181 6639 7852 1636 1993 6089 1457 2148 6641 4683 8032 2167 9465 426 1321 1118 1616 3826 6156 8137 184 3340 1105 2537 3516
25 938 5580 3146 7227 3201 6714 4622 3247 290 4809 9620 3357 9771 1202 1623 1765 1310 4651 6766 130 432 3738 7801 6414 2502
25 3139 1705 6485 9077 3369 7451 5163 4063 660 5429 2201 4800 955 3835 2489 5010 1898 5558 7430 2084 1556 6867 9872 9712 5098
25 3091 7516 8243 9249 3925 8212 5170 4720 3110 7073 2905 7103 2407 4289 6848 6433 3789 4552 7643 2388 5975 2009 196 6545 2461
25 4575 3262 8536 5776 7527 515 7339 5819 4269 8509 4037 8497 2848 7609 7441 7118 4783 6527 5346 2514 7706 7295 424 388 7719
25 1057 1428 8836 6635 8492 533 7558 9825 8199 2052 6999 2856 4669 8147 3693 7446 5446 9560 5347 4889 401 8476 4649 3941 4586
25 1989 577 315 1672 8705 5442 7667 1400 9590 7442 7213 3524 4778 9415 5378 1507 6981 9634 5559 8949 2397 9651 6646 8840 451
25 9586 245 7316 272 1589 478 9156 7477 3785 9168 8277 4631 6158 3172 8133 5477 7142 9787 7647 9445 5806 5296 6725 4865 2133
25 3487 7168 9301 2421 2270 1797 240 8447 4922 9466 8979 6790 9101 3518 5211 7021 8063 1524 5677 9672 5873 7599 8764 7075 8954
25 6792 7468 1424 7048 4287 2818 926 747 7723 9797 682 8852 1453 6282 161 7600 8134 2486 8857 4863 8223 8640 2003 4640 2913
25 7787 14 3646 9330 3650 6629 1693 3673 9018 9942 1049 8861 2601 7683 2347 8731 8756 6258 8952 5258 4505 224 2810 6706 6668
25 8016 6602 9402 4454 4398 7074 2754 5002 3115 2327 2028 9390 2880 8515 4543 5076 9707 147 9266 7819 4635 4022 2862 1508 9189
25 9455 8308 9719 7522 8714 7627 5476 5375 3480 4173 3190 9961 5944 8911 6343 2136 1891 883 3983 550 1706 4733 5083 508 568
25 7105 9055 3656 6237 1151 9439 6239 8230 7601 6672 4515 2633 6568 9056 6354 2507 2651 4268 4501 4798 2409 5486 6806 8513 4494
25 7345 9666 6210 7151 5971 9633 8069 8416 9776 6702 1005 9134 7506 9195 3177 3475 3573 4721 7407 5464 2873 733 8469 438 3776
25 6729 155 7404 4799 7157 1029 8923 9107 914 7797 4389 1998 238 2719 6308 4302 8174 8966 2394 6425 4079 736 3432 5884 5157
25 1823 1698 1915 1762 7384 1834 294 9374 4172 9079 5079 3809 485 2883 8896 4439 3455 9592 7115 6937 4272 826 9614 7458 2759
25 2289 2820 6481 4713 9424 3279 569 2129 5599 2821 5276 3840 1220 3409 514 5569 3813 9951 9305 8941 5656 2157 9642 4426 3833
25 6495 4928 1617 6428 890 3945 1184 7948 6386 5421 5381 6357 1654 4018 3225 6318 5457 740 2130 5244 7198 5644 644 9915 8950
25 7394 5339 5169 7665 2220 1022 4959 8904 1441 6992 7880 7155 3488 4565 3444 6728 8626 3093 5438 5929 7275 1649 5264 2143 799
25 8525 9310 5356 1752 7095 2626 9089 9373 4362 2720 409 1635 4535 7428 4219 973 742 5690 7393 6114 1571 3001 8302 5665 3559
25 8156 9520 8015 3015 8473 5019 4796 3648 6127 4729 1313 1747 5061 7739 4755 3880 3327 5945 8938 7559 2031 8318 9910 5988 6610
25 5626 188 1179 7078 1883 6222 4188 3735 6201 6890 2228 6727 5400 8023 5790 4666 4126 2172 8968 8829 2541 8752 339 2496 137
25 4306 1334 9365 663 3668 9004 4699 4055 6956 7041 4199 6752 6776 9945 6815 6674 4313 2567 1115 9980 7359 4215 7626 3072 6016
25 5664 3742 553 2886 5470 9809 7167 5577 7479 8744 7902 7187 463 1980 7357 2232 5523 3053 1536 1770 1012 4717 7042 5226 5621
25 9979 6014 7944 8173 5617 5449 7888 6941 9270 9491 9752 1253 1529 2466 7524 4504 9257 5680 5574 2254 2944 375 1538 9593 1320
25 4572 4664 87 9720 6270 7203 8193 7222 9422 125 5764 3194 6262 2638 9940 4951 9852 8422 5582 2463 9225 620 5919 2923 5531
25 1433 8823 1293 286 2086 8094 1351 7858 248 752 6926 4528 7782 2939 3671 5666 1717 8494 6948 5287 1871 696 7249 6384 1763
25 3310 2266 2649 1712 4294 9611 1767 8600 1148 3021 9062 6091 9665 4360 3702 7296 4252 5135 8229 5565 4974 1533 7914 7372 3752
25 6491 5581 7669 5231 5225 2335 5628 3240 2385 3659 9952 1364 9808 6856 4422 7326 7650 8695 3033 6286 5259 2492 3973 5436 7910
25 1934 8692 624 5491 711 4739 5853 8811 6730 5766 4402 3051 1111 7980 5267 7618 32 407 450 7606 5524 4421 5754 9804 693
25 4872 8872 2275 6426 2678 4758 8030 8993 8490 8305 7696 3436 1123 8728 5994 8591 2569 565 2665 8241 811 6151 206 4174 4205
25 8458 6323 2904 6760 3698 5771 8182 4943 8940 9016 9860 3598 2979 9067 7554 77 6813 832 2731 3109 2104 3869 1663 7268 7732
25 8784 9252 8466 6924 4414 6595 1938 6533 1774 3212 5720 5723 3720 141 7999 561 7096 1291 2976 8216 5670 5278 6557 4911 2896
25 9144 679 8881 239 7425 593 2860 7421 2607 4345 5956 7214 4835 862 8408 1006 7660 7539 5780 9119 5816 5484 5246 8249 5889
25 2646 2304 1811 720 4668 1876 4883 8888 2950 4814 6723 7839 8984 3261 9209 1503 8770 8805 6517 9369 9968 180 1700 6385 1722
25 7228 2313 4597 1622 7825 5542 7185 8891 7449 4890 8086 8186 1598 3709 9827 1553 9268 1164 916 1204 83 1038 3014 8204 1452
25 6 9953 7320 2586 8951 8424 105 145 7814 5149 9316 8841 2799 4893 1069 1768 9128 4006 5277 3282 814 3787 9293 601 8605
25 4127 2879 9219 3841 1142 1275 1303 2780 9793 7206 89 2246 6993 6866 4119 4048 671 4075 7385 6630 4003 5844 9380 3283 6541
25 7487 8553 2540 5877 1430 1784 1491 7514 2169 9123 236 2968 377 5154 4661 4447 3918 9440 1790 306 4157 351 9618 8967 9848
25 1041 8862 3312 9785 1923 3856 2477 9350 3406 9409 2899 3169 839 6265 6397 6067 4499 361 2513 1679 7493 4466 580 6679 9082
25 3337 9318 7810 1002 2057 3440 3318 9412 3499 9914 3544 3724 5863 9913 6465 7490 4619 5312 2828 8393 9700 3725 856 8201 2749
25 1270 7718 2178 2355 4681 3525 7173 321 4819 2884 4846 6052 8213 4061 7549 8444 6652 8578 3441 4805 9854 6230 4233 8614 3503
25 4944 470 9705 4193 5240 7112 8245 612 6522 4042 7180 7891 9236 5376 4073 3807 9014 9229 3884 8056 1926 9767 6333 6985 6285
25 8785 9596 300 4464 9206 2200 9196 9688 8523 2045 348 9436 5387 5746 4271 4761 9732 2521 4015 82 2058 158 6358 8017 25
25 1367 1827 8556 3889 3275 3745 9418 3385 8738 3308 4319 865 6368 7244 4556 4914 1340 5263 4355 319 5191 5032 6849 4873 2663
25 4249 8573 9678 4611 6611 3817 9733 4488 8780 6655 6606 918 2584 8350 385 4962 7795 7107 5188 2788 6767 7229 9806 7780 6101
25 6470 888 1298 8912 1241 4677 2067 7217 9518 8530 7383 1112 7032 2014 722 8723 100 2185 2161 2973 7356 7464 2740 7912 6953
25 1459 5001 4399 9037 5077 4771 5233 8268 434 370 8093 3747 353 6805 1696 9870 1739 7990 2733 5962 149 7510 4560 3396 5334
25 5044 9017 285 4309 6859 8007 7575 9005 1727 4866 9020 5560 1552 7799 5554 7670 2362 337 368 7704 513 5185 5316 8096 5463
25 5694 2468 4520 6289 686 8364 1890 9115 2377 8933 9027 7071 2395 247 5602 8233 4785 851 1498 8002 2981 9164 7030 8629 3911
25 7653 5314 4679 8998 697 8777 2226 9359 5937 243 9517 8388 6686 256 6328 8295 8724 8341 2734 9317 3125 1408 7759 9644 8595
25 3980 8568 4864 2600 5512 996 2966 725 9161 1730 1937 1355 6903 1247 8164 8748 7429 2324 6598 391 38 5189 8875 203 2548
25 7431 9661 3674 2815 6301 3580 4133 1360 9306 2085 2791 2680 7862 6009 830 8878 7526 2339 8618 1229 1885 7271 2184 3154 5782
25 7438 3910 3728 3305 6524 6756 4965 8312 1659 5349 6599 6809 8025 6074 2744 433 7861 4159 9430 1662 3804 9298 2937 5537 788
25 8272 3975 4330 4404 6648 7481 6026 4904 5175 5709 7596 6845 8255 7656 4456 1527 8580 8260 9563 2192 5731 2948 3377 8992 3906
25 2517 5274 5402 7080 7625 9285 6488 4916 5744 6746 7738 6979 9049 51 4803 5195 8621 4373 9673 2757 403 4933 5903 9199 2049
25 7741 6309 6476 9414 8874 622 9724 5280 5822 9886 8919 7987 1807 479 5921 5633 8665 5404 2026 4275 4279 8701 9999 5420 933
25 2721 1092 2229 1398 1687 1621 1145 2432 6293 1230 4837 2283 2005 1413 6366 5865 465 1451 2247 5742 9925 9002 9731 9397 8319
25 9814 3829 8799 5070 3128 2340 2902 3933 1818 3200 6670 2867 4680 1856 6844 6858 3585 7381 8421 7472 109 9395 2013 33 5530
25 7285 4058 9364 658 4013 2530 8283 7091 2308 480 8474 3002 7545 1929 8517 8529 4487 7631 5630 8120 1087 9652 4369 4351 301
25 1975 4484 1091 8486 1249 4097 530 185 3099 1048 146 5622 8286 3356 9073 2888 4498 9094 6104 8273 6777 3547 4438 6995 305
25 9648 8511 3763 9597 2595 5450 1290 5682 5374 5333 1952 5843 8729 4579 966 3875 6618 1735 9926 1450 3272 3722 6590 1075 9471
25 964 6743 7221 1578 4250 9121 3036 8141 5407 226 2525 7067 9059 4841 4295 5038 6886 4410 2975 1585 5676 7145 1297 9601 1186
25 8655 7997 1039 2520 4278 1373 6523 172 6711 1781 5379 7220 3068 5411 4053 6316 9401 4608 3964 3812 8656 8514 6331 2109 9366
25 825 5462 6355 2763 6271 3477 7132 1205 9837 4938 7645 9888 7114 5584 4225 6847 9835 7305 4187 4663 119 1062 6829 4774 4603
25 3359 8078 1401 1631 6613 266 8099 3271 535 5487 8097 1745 8037 6267 4321 8423 3963 7666 8790 5366 840 4312 5875 55 6441
25 6902 2999 3753 6574 8734 1124 1144 4391 2558 5511 8781 2936 23 6620 4693 4339 4059 8715 9116 9108 5368 5532 6087 381 7854
25 7711 5482 7195 6791 2506 8045 2706 5431 4024 5740 4566 4508 7642 7237 6275 5320 5355 9223 1962 1543 7061 7388 6115 7242 9152
25 54 6560 9958 2798 2553 8185 7608 6455 2481 9777 6851 4620 8085 7368 7225 5556 5916 7763 3626 2778 9841 8982 7355 7956 9921
25 9880 3509 2262 9963 6737 8680 940 6823 4116 1648 8498 5714 8261 7863 4293 817 7174 7803 1951 4136 69 218 323 784 2074
25 8251 5186 3278 2539 7312 1488 1759 9130 5116 1846 8807 1196 1404 8049 8507 2060 7781 7870 6506 6831 7189 3236 598 7954 8598
25 9220 8380 7520 4847 1509 4483 2293 708 5443 2048 9342 2081 2635 1911 2370 2869 9874 1231 7960 1629 8592 4626 5634 5571 2977
25 3801 8643 9851 7932 4085 6084 2852 758 5555 3994 9927 4117 4437 2456 4120 3007 1842 2227 467 2450 414 7909 7534 8067 5821
25 6621 8702 9697 2953 6226 9425 4381 4168 7243 5996 1159 5013 6772 2924 5380 6037 6307 5023 3955 3364 1515 2907 7946 5914 5913
25 6467 9030 28 6826 7352 9641 8884 5797 9557 8531 2903 5820 8623 3822 6597 6391 8460 8368 5322 3393 2745 6798 8142 3501 5062
25 5490 7328 4273 1874 2068 1974 223 8522 9580 283 6662 7297 9512 4827 9297 6625 1518 1608 6448 4524 1366 3929 8456 9828 5138
25 164 2462 6187 7648 4445 5254 229 369 1027 930 8726 8935 9877 5201 1025 9334 3784 1632 1792 487 4684 7234 4068 9686 8819
25 1216 6914 6313 2941 5319 1638 2309 792 2286 2920 454 1931 985 6515 1740 189 7415 4216 3351 3831 6419 2118 2772 8240 9798
25 4810 7447 8188 4443 5533 8869 2542 1154 2559 3744 3565 1963 1671 8083 2634 3325 9272 5838 4377 8053 8335 2762 6698 8601 5813
25 4054 2983 8932 1655 3439 411 3452 4167 4688 4594 3601 3781 2189 2448 6666 3490 9323 5859 6299 328 8426 3904 7748 5717 3848
25 6131 378 9276 5047 7788 462 3561 4522 4902 5557 3991 4570 3170 3309 9803 5063 9727 7761 9228 2608 9781 9662 9135 1642 1744
25 6365 8741 917 8358 1927 699 7009 5065 5695 9296 5840 6160 6030 4905 9853 9684 412 8157 9708 2786 468 2543 4500 5479 6154
25 7563 2367 4685 9277 2660 3467 9171 5454 7887 1309 7921 6735 7104 6974 476 9738 2669 8510 5597 3874 7085 3993 6576 9548 5653
25 3213 9626 8946 958 4076 4892 9396 5660 1162 2737 2302 638 7974 9995 974 190 3914 18 6787 5043 207 230 8105 1387 4948
25 7133 2141 9573 5281 4971 6085 9664 8217 1764 3133 3627 2645 9556 689 2934 269 4025 1612 8036 7478 943 4931 7471 8441 932
25 7536 4316 88 5970 8300 7619 9969 935 2526 4936 5092 5683 324 7547 4123 1751 8928 2827 1894 7876 1054 5738 8127 1473 6378
25 8683 744 1448 7144 9363 8225 1084 2878 2674 7485 5946 6381 1104 1085 5053 2425 9892 6543 4359 8176 3162 7202 8224 4448 2767
25 8718 2050 2364 7743 9423 357 2199 3825 6930 7792 8409 6442 1893 3739 5396 2760 2281 7480 8287 8443 4857 8119 4065 6669 6349
25 2018 4593 4363 7975 9713 592 3094 8737 7026 8479 9036 7580 3451 4034 6964 255 4897 2353 8719 9203 8110 8566 5417 4580 5475
25 9158 6070 5217 8180 390 721 3967 957 7423 1981 182 9307 5447 6676 481 1254 5192 4242 9789 9674 8554 477 3229 7552 7962
25 9780 8200 6588 408 8835 5751 4014 2487 8033 4094 3446 3157 9095 8154 2942 3367 6747 4832 1116 4264 9344 9617 3615 2695 362
25 9657 9032 6624 5090 8882 7929 6731 3981 9352 4627 4132 6824 9769 872 4290 642 7591 7165 1479 7350 4060 6873 4958 3294 1
25 7267 2080 8029 6654 4968 8102 7577 5147 9822 4843 6705 7531 6136 225 4653 1382 729 7463 3942 1857 340 5115 6475 6988 1582
25 1215 6678 2596 413 6135 2156 4491 5341 9964 6567 1778 9046 6217 1547 5289 1559 2686 8774 1813 3404 4975 7879 4542 179 2166
25 2316 8548 3935 1548 7865 5425 6504 6024 1771 6591 4479 2909 6658 1604 6435 2202 9357 9443 3129 4828 6917 9000 3199 2325 9609
25 3721 8227 1789 4218 880 6090 9900 6406 3004 7777 7301 6184 8012 4871 7150 4514 9383 6107 3540 8022 7695 2408 7725 2504 4984
25 6055 4092 329 5080 6212 8564 1232 7238 5051 8520 9625 6821 330 6302 7335 4671 680 6905 7311 2773 669 9497 8115 3159 3536
25 6281 4659 6060 5902 9015 1814 1777 659 7099 1427 522 9319 1161 7400 8031 5607 2098 1082 7366 6372 7346 2127 4231 8839 1670
25 4673 5643 6272 6660 9565 1517 2234 4372 9405 3629 1965 322 1292 2239 8475 9856 3755 9065 8851 6405 9722 7530 5301 5943 1879
25 6353 7176 9400 9667 1256 1895 4459 4887 567 4288 2438 1821 6383 4690 8980 2264 6083 9494 9791 6681 3298 7533 2672 7319 1546
25 7460 2332 1126 1887 1406 4020 4748 6544 591 5588 2725 3084 6582 4727 9928 2611 8524 9554 260 6774 6057 9706 2574 3077 4773
25 539 5054 1982 2800 3669 6125 6814 9155 1219 250 6553 3949 8660 7272 1447 6991 9341 975 344 8404 9528 267 6164 8557 1325
25 355 6241 8971 4222 5354 7967 7370 9649 7077 2190 7016 4817 1381 8378 1653 7628 2938 2131 3859 5111 1793 5828 7330 9574 7678
25 3795 2366 5423 9773 6671 9628 8387 970 402 4227 8298 7573 1665 8541 2793 9947 3754 3280 4752 2727 2174 8403 7707 356 6274
25 7146 5520 1878 9800 2659 741 1544 8322 1537 6549 9213 7688 2206 1667 6788 3985 4954 5009 4859 6178 3676 4183 652 3064 5382
25 8395 6005 7160 2360 787 1141 3029 9271 3263 8399 56 7753 2729 5082 1570 5207 991 8340 6479 7905 4489 8657 907 5056 4811
25 5908 6559 7309 4292 2582 2671 3057 9643 5757 9026 1225 9145 3249 6865 2452 6712 2108 9105 7988 466 5528 1285 3504 1866 6521
25 3515 376 6927 1484 2616 4431 5451 9901 6649 1031 2061 1733 7015 9937 4519 7871 2928 1910 726 618 7230 3207 9041 1590 5384
25 3694 4723 8282 3388 4463 5697 5808 1918 6820 1630 2986 4517 2765 2039 7672 9035 3355 9623 2871 822 7263 4590 837 5639 9021
25 204 5121 683 8661 5517 5980 9849 6688 4129 3347 3882 6511 4909 2962 7681 1577 3485 1165 3577 1902 8254 4762 3810 8716 9392
25 396 1905 6663 647 6196 8108 1420 332 4842 3597 4506 7466 6336 4577 9218 1600 6100 1472 6112 2575 9376 849 5640 615 6910
25 4074 9474 9467 895 8902 8608 3415 1414 8292 4569 9324 8281 8708 7418 4027 1674 6244 5028 7283 3389 7498 3429 6314 9214 9569
25 9919 921 4028 2398 170 9188 4633 1603 691 5586 521 9080 4982 1240 3123 4495 9040 5180 496 4436 4070 4011 7784 3715 7194
25 446 4610 6801 4583 1419 9807 4718 3921 759 4706 6021 2637 5922 1352 4801 5805 22 8528 1072 5489 6693 4329 1555 8448 712
25 7833 5991 5661 5888 2188 1168 6211 4918 1061 6216 6577 2833 7710 1901 5228 6536 195 8696 1640 8495 358 8263 3751 4403 8345
25 8087 911 5835 9600 6525 3802 7324 7262 1804 9829 6603 3484 7893 7068 3743 7184 959 9165 1920 845 4156 8837 8184 6516 3767
25 4624 3560 6934 1728 1639 5388 9172 9170 3658 1478 6931 3760 9103 7903 4143 7521 1248 12 3010 2078 9523 9558 2053 6936 9579
25 4189 1476 9939 3223 3026 168 9488 929 4667 1803 8826 4197 2062 640 8488 4642 2427 509 4375 2323 198 9991 9379 2826 6793
25 9742 1172 4265 5947 5416 665 8396 1330 6179 3050 9511 4831 3085 1528 9163 4728 3471 2498 6329 3791 1996 1189 727 1421 3729
25 2193 2027 7968 5979 9675 1221 8669 2390 5412 3562 2386 335 3717 2252 810 6484 4621 2628 6407 3957 2223 4357 833 4941 3246
25 9540 5104 6808 6977 4807 743 9815 6916 5507 5256 7845 458 5247 5829 4694 8172 7420 5237 7102 4481 6498 354 3421 1190 8231
25 5758 8622 7557 1046 4852 761 2183 280 5685 5627 9572 1288 6857 6928 4830 1121 1977 884 9345 5242 7054 3296 3529 8111 7813
25 5794 8145 517 3599 5935 1096 2497 9147 1627 5879 1819 2656 7188 7410 7005 7313 4370 3148 9879 8930 7789 4588 5526 1331 8394
25 8150 8206 1597 5311 1760 2279 3113 9215 3106 7939 2391 7807 8008 9818 7390 9143 5465 4555 1354 9122 8104 5589 5770 6321 1411
25 8248 6172 2993 9524 2091 3938 3853 9222 9452 8382 3018 8712 8814 1278 8572 2372 59 3144 1924 37 3151 6687 1944 1530 5815
25 461 3472 5221 9615 3042 5791 5016 1945 366 9543 3276 9182 8847 3103 1177 2483 64 4676 2458 313 5745 1343 5508 3898 7376
25 5136 2000 6922 316 6884 7517 7240 5146 3102 94 5527 4607 9204 3876 4997 97 7936 8269 5915 1344 7084 5197 5126 9527 6644
25 7817 7621 4768 3058 7255 8246 8339 9264 6817 1985 6339 4988 667 4462 7766 1138 8759 8990 6235 5288 878 6315 1307 6755 9109
25 6207 7923 6264 4243 8586 9399 9796 3326 8970 2042 8264 5834 2679 5204 844 5706 1353 9086 8747 2297 1276 7417 6818 7918 5858
25 2269 9166 9630 99 187 2037 1214 3394 1131 3609 1236 6437 2842 5415 5814 6401 1490 9813 571 502 7170 8304 499 6509 984
25 6530 3966 9638 2415 3590 3011 1607 3517 1308 4192 1588 9029 3734 5936 9863 6494 4969 1143 4993 6638 1914 9348 3539 6200 5891
25 3868 7900 9552 498 4284 4254 5291 7440 1460 4307 1941 9496 5408 6027 1710 9704 7083 2276 7812 1136 2218 9481 8220 9429 7940
25 3733 9265 7562 1446 4407 8685 7287 8697 3030 8929 4999 9946 6447 7583 2336 2017 8678 4367 8116 3209 3595 135 1378 7317 9997
25 5898 1342 3519 5401 6086 4793 8866 436 4780 9289 5516 3116 931 8450 2620 3082 9282 5787 8742 8501 9047 8262 2527 8121 7671
25 4298 1660 6122 5711 6165 7257 1166 5869 7764 152 7098 3331 1618 566 2927 3578 9589 1300 111 9478 611 2420 5004 8297 3774
25 81 3731 8960 8555 8232 8924 1180 7747 599 4235 7315 2120 1862 9855 3189 7251 1746 2716 140 936 674 5957 5081 2173 8397
25 2400 8739 1595 806 8461 3677 7365 9635 796 4697 1576 2277 2208 901 7885 9646 1822 2845 3596 3254 1150 9038 5506 2887 2480
25 6692 4212 3521 2795 16 6248 9052 1243 1873 5011 4604 5689 2249 1099 9051 632 3025 8830 4700 3303 3387 2113 2116 3188 9231
25 738 4730 5014 6369 65 8973 2399 4966 4533 7426 4750 9003 4045 4145 9074 1047 3380 9339 5268 3405 6473 3253 6971 9159 5284
25 1209 4757 9308 7120 945 200 2627 5270 6214 8616 3845 3672 6038 5809 1090 2326 4062 24 7976 5673 8434 609 8285 9981 4476
25 8672 440 5212 7497 6093 2991 3730 5998 6326 8926 3939 3894 7843 7674 2985 2730 5030 1013 8703 6901 8512 6876 2051 456 6547

