5 467 412 166 361 1114
5 517 1124 600 1098 48
5 988 237 44 558 619
5 1127 360 694 607 824
5 284 1412 324 1252 952
5 225 406 792 1329 306
5 168 90 1444 567 103
5 1367 1171 678 679 118
5 1074 591 1225 1155 1224
5 282 1488 432 82 196
5 814 1166 1163 1479 791
5 1216 1046 1388 120 831
5 106 534 483 809 1104
5 40 783 920 1272 1280
5 922 1230 325 197 1289
5 568 533 490 419 1067
5 478 1184 327 1385 977
5 854 1386 832 224 503
5 852 94 1492 1449 452
5 348 138 1106 1120 18
5 773 539 569 649 1381
5 1358 396 847 602 422
5 99 1192 622 1238 158
5 1286 1354 632 309 1062
5 1045 613 684 193 1481
5 934 312 1379 1446 206
5 374 1257 685 479 482
5 1304 178 231 575 1218
5 1437 188 1247 509 107
5 121 236 383 620 474
5 1323 875 1204 1193 511
5 451 38 1108 400 648
5 820 1110 428 699 1013
5 200 1322 1217 1095 296
5 1231 298 513 88 1059
5 669 757 76 180 43
5 208 247 497 391 739
5 1455 1157 573 1363 833
5 187 353 714 354 1269
5 289 413 1500 609 357
5 317 301 964 538 775
5 1179 1232 115 662 1215
5 46 1288 427 1222 1345
5 362 1292 55 1138 834
5 370 728 1003 498 230
5 302 1248 1463 846 878
5 355 387 438 26 1341
5 161 1242 811 1159 581
5 862 27 275 1497 1403
5 863 1056 1131 132 221
5 426 673 1441 287 1353
5 239 751 955 449 890
5 131 368 1396 560 189
5 1324 24 643 733 248
5 800 514 85 895 352
5 702 1246 737 670 1029
5 651 1464 223 1014 54
5 1020 736 339 1314 727
5 1137 209 752 671 1448
5 1181 404 1017 898 1259
5 624 1123 83 1078 606
5 1498 1347 972 894 646
5 62 288 1375 926 97
5 429 399 235 1462 307
5 202 1236 397 516 346
5 1255 1253 1457 1405 437
5 630 80 967 981 1494
5 589 754 700 402 647
5 1080 119 1213 778 857
5 640 866 983 1377 633
5 571 405 712 886 657
5 938 338 642 535 1144
5 1142 484 711 889 58
5 1290 1026 1398 1089 795
5 876 703 604 844 1033
5 148 326 616 1287 726
5 759 526 349 1024 182
5 693 1158 945 263 152
5 1362 541 729 586 308
5 1434 347 369 1478 883
5 1360 529 780 1121 262
5 1374 1447 570 1310 769
5 440 253 1015 450 17
5 750 913 446 356 815
5 973 986 742 965 3
5 796 562 149 425 637
5 1318 1442 204 664 489
5 921 501 905 172 1086
5 1205 430 390 22 665
5 574 60 264 283 1451
5 1021 1 332 951 1251
5 551 407 177 67 1331
5 950 1308 145 466 470
5 157 1152 982 165 566
5 92 902 1254 891 286
5 892 1400 1299 299 1160
5 1028 143 933 1129 472
5 1258 1091 1356 583 794
5 93 1327 136 701 244
5 903 1005 213 32 867
4 1197 4 1219 240
4 255 781 1450 266
4 719 1267 234 47
4 116 28 1484 563
4 723 763 56 1030
4 515 777 154 192
4 1391 1116 956 238
4 691 621 29 508
4 677 294 13 1340
4 1438 1235 333 398
4 461 155 454 1075
4 985 1070 1346 281
4 1338 1145 688 1057
4 291 914 1090 1244
4 731 364 1140 1312
4 293 5 797 744
4 1433 314 837 1037
4 1047 1207 174 460
4 52 493 1326 1432
4 190 1264 1049 21
4 855 1424 1169 1000
4 8 1068 1284 251
4 373 226 927 441
4 30 829 1134 420
4 807 39 804 1460
4 74 667 61 1456
4 695 1176 537 86
4 100 909 1474 71
4 477 1435 835 868
4 1065 1147 959 991
4 1271 1443 625 1038
4 1143 229 842 1187
4 95 1266 947 1214
4 864 689 1203 1250
4 1009 1007 1466 1043
4 1042 297 130 9
4 1383 960 595 928
4 771 465 1126 872
4 205 932 1087 1010
4 1083 990 1297 435
4 421 439 69 455
4 1300 1226 203 594
4 1103 70 1115 627
4 91 153 1320 494
4 884 1275 1485 1453
4 821 779 1406 363
4 416 850 1394 414
4 1051 1055 682 1088
4 330 561 386 1344
4 25 500 343 706
4 393 827 882 1002
4 66 150 1097 975
4 548 176 433 256
4 612 705 994 488
4 635 725 79 803
4 1278 970 557 943
4 492 709 555 140
4 1414 216 377 1011
4 605 318 659 1170
4 1136 1117 12 888
4 1427 825 233 1262
4 122 1227 102 1241
4 321 1249 50 1167
4 931 1239 227 277
4 471 1302 457 1094
4 881 1465 1234 63
4 877 141 675 431
4 1416 935 978 1102
4 1185 1183 469 580
4 746 899 520 1392
4 1293 916 418 313
4 1050 1389 1052 984
4 173 257 388 409
4 910 761 1148 766
4 241 31 544 258
4 395 42 1411 1351
4 81 1044 475 337
4 385 459 941 765
4 1119 292 351 1409
4 290 1076 740 676
4 146 447 1454 929
4 15 1285 1165 185
4 458 897 1012 764
4 989 1467 732 968
4 59 164 1364 1343
4 1270 1306 217 242
4 1156 1077 652 530
4 1023 485 199 944
4 998 1072 403 1016
4 716 1079 411 280
4 974 468 715 896
4 782 577 1348 611
4 596 1491 976 6
4 1370 587 1296 1366
4 1092 228 550 243
4 77 278 1188 741
4 473 1335 344 1397
4 527 1408 156 1313
4 1325 816 1283 1431
4 342 162 812 378
4 856 992 1404 329
4 2 1476 1440 772
4 906 518 1445 818
4 1380 201 1390 823
4 999 322 808 381
4 358 376 1471 331
4 1035 49 1472 787
4 697 940 462 770
4 1101 958 1469 839
4 448 993 631 1112
4 784 417 1209 57
4 1350 1282 142 23
4 1393 504 1133 1190
4 271 565 1458 798
4 1243 380 826 1006
4 512 843 84 1330
4 686 1309 463 1496
4 1420 127 1317 559
4 137 848 184 696
4 195 756 1041 1198
4 880 1337 1321 1233
4 1490 64 1387 1475
4 859 546 1483 907
4 245 371 151 980
4 653 442 1395 957
4 128 1372 554 1210
4 169 1369 126 1277
4 1039 672 838 273
4 1172 1122 1298 1066
4 1307 124 768 1189
4 1161 365 111 1212
4 335 1260 861 1150
4 626 638 1384 734
4 167 1268 382 1486
4 720 579 96 268
4 211 1027 1295 134
4 858 285 1303 674
4 572 89 163 540
4 194 1228 966 1493
4 553 108 1336 893
4 410 962 34 1085
4 597 599 1093 1113
4 1032 1084 1200 1487
4 1342 1237 698 401
4 1439 1276 1105 1482
4 105 618 1053 19
4 629 186 1164 841
4 805 1061 1281 1220
4 359 1263 434 556
4 328 1301 912 1407
4 1048 830 1499 33
4 16 51 11 304
4 524 295 543 1352
4 117 310 110 72
4 1175 760 1245 592
4 564 937 219 644
4 1423 1054 873 1031
4 576 222 1315 259
4 1141 1473 10 915
4 1436 654 20 1063
4 1333 1273 692 901
4 528 802 1221 549
4 1480 660 1139 614
4 198 1355 786 593
4 641 939 603 971
4 336 1359 822 801
4 1001 254 1201 1261
4 1154 650 179 1422
4 1425 104 1421 218
4 924 65 536 608
4 267 320 1459 997
4 1082 1111 634 942
4 345 930 1100 1174
4 300 953 542 1339
4 123 1332 900 350
4 1419 445 1430 144
4 521 1019 75 1316
4 762 1279 1178 1146
4 181 506 925 949
4 456 73 748 113
4 423 14 444 690
4 853 710 1256 1361
4 319 252 1195 232
4 323 718 525 1319
4 366 109 789 584
4 1132 175 487 655
4 917 585 502 617
4 340 785 1182 1211
4 129 1365 1069 1357
4 1058 532 681 610
4 1415 210 936 755
4 738 1429 979 1294
4 870 522 1274 1199
4 860 1334 774 724
4 639 656 776 666
4 1305 707 1311 1428
4 668 1125 476 1401
4 645 810 1064 874
4 272 1240 510 713
4 661 753 969 480
4 1265 758 269 1130
4 717 1060 303 908
4 799 1291 1470 453
4 1135 1418 996 394
4 392 545 78 1025
4 1177 1349 1118 1186
4 582 1452 987 270
4 1004 1229 1477 41
4 663 389 747 505
4 1413 1034 1202 828
4 101 961 918 588
4 279 995 491 170
4 836 114 879 1036
4 1461 547 743 1071
4 1417 7 1107 658
4 871 919 341 601
4 1468 1328 507 1371
4 261 367 519 1008
4 1376 207 1223 408
4 806 1109 1489 486
4 311 1194 1368 1081
4 813 135 36 904
4 865 191 1373 160
4 1180 704 183 246
4 315 1099 260 749
4 793 1162 215 819
4 1196 615 495 112
4 250 636 125 379
4 840 139 1096 265
4 767 598 623 35
4 1153 963 531 214
4 1495 481 687 788
4 745 885 680 37
4 372 133 384 735
4 845 730 45 98
4 911 790 415 552
4 443 722 578 53
4 68 1382 147 1399
4 249 274 334 1402
4 708 375 316 948
4 87 276 1151 424
4 1040 954 1410 628
4 1168 1022 464 1128
4 159 212 1426 590
4 1208 1206 496 683
4 923 305 1149 1073
4 1378 817 1018 851
4 171 849 436 887
4 499 220 1191 721
4 523 869 1173 946

